[INFO ] 15-06-2022 08:18:17.409 TC001_UserLogin - Chrome Browser is launched.....
[INFO ] 15-06-2022 08:18:19.005 TC001_UserLogin - Orange HRM application is opened!!!!!
[INFO ] 15-06-2022 08:18:21.924 TC001_UserLogin - User has logged into application successfully.....
[INFO ] 15-06-2022 08:18:23.080 TC001_UserLogin - Orange HRM application is closed!!!!!
[INFO ] 15-06-2022 08:19:51.448 TC002_ForgotYourPasswordLink - Chrome Browser is launched.....
[INFO ] 15-06-2022 08:19:52.615 TC002_ForgotYourPasswordLink - Orange HRM application is opened!!!!!
[INFO ] 15-06-2022 08:19:52.776 TC002_ForgotYourPasswordLink - Forgot your password? link is displayed.....
[INFO ] 15-06-2022 08:19:53.718 TC002_ForgotYourPasswordLink - Orange HRM application is closed!!!!!
[INFO ] 15-06-2022 08:21:07.456 TC001_UserLogin - Chrome Browser is launched.....
[INFO ] 15-06-2022 08:21:08.511 TC001_UserLogin - Orange HRM application is opened!!!!!
[INFO ] 15-06-2022 08:21:11.284 TC001_UserLogin - User has logged into application successfully.....
[INFO ] 15-06-2022 08:21:12.168 TC001_UserLogin - Orange HRM application is closed!!!!!
[INFO ] 15-06-2022 08:23:13.810 TC001_UserLogin - Chrome Browser is launched.....
[INFO ] 15-06-2022 08:23:15.075 TC001_UserLogin - Orange HRM application is opened!!!!!
[INFO ] 15-06-2022 08:23:17.819 TC001_UserLogin - User has logged into application successfully.....
[INFO ] 15-06-2022 08:23:18.799 TC001_UserLogin - Orange HRM application is closed!!!!!
[INFO ] 15-06-2022 08:23:20.114 TC002_ForgotYourPasswordLink - Chrome Browser is launched.....
[INFO ] 15-06-2022 08:23:21.286 TC002_ForgotYourPasswordLink - Orange HRM application is opened!!!!!
[INFO ] 15-06-2022 08:23:21.402 TC002_ForgotYourPasswordLink - Forgot your password? link is displayed.....
[INFO ] 15-06-2022 08:23:22.357 TC002_ForgotYourPasswordLink - Orange HRM application is closed!!!!!
[INFO ] 15-06-2022 08:29:52.415 TC001_UserLogin - Chrome Browser is launched.....
[INFO ] 15-06-2022 08:29:53.680 TC001_UserLogin - Orange HRM application is opened!!!!!
[INFO ] 15-06-2022 08:29:56.448 TC001_UserLogin - User has logged into application successfully.....
[INFO ] 15-06-2022 08:29:57.412 TC001_UserLogin - Orange HRM application is closed!!!!!
[INFO ] 15-06-2022 08:29:58.761 TC002_ForgotYourPasswordLink - Chrome Browser is launched.....
[INFO ] 15-06-2022 08:29:59.978 TC002_ForgotYourPasswordLink - Orange HRM application is opened!!!!!
[INFO ] 15-06-2022 08:30:00.092 TC002_ForgotYourPasswordLink - Forgot your password? link is displayed.....
[INFO ] 15-06-2022 08:30:00.846 TC002_ForgotYourPasswordLink - Orange HRM application is closed!!!!!
[INFO ] 15-06-2022 08:30:32.883 TC001_UserLogin - Firefox Browser is launched.....
[INFO ] 15-06-2022 08:30:34.209 TC001_UserLogin - Orange HRM application is opened!!!!!
[INFO ] 15-06-2022 08:30:36.829 TC001_UserLogin - User has logged into application successfully.....
[INFO ] 15-06-2022 08:30:38.263 TC001_UserLogin - Orange HRM application is closed!!!!!
[INFO ] 15-06-2022 08:30:42.555 TC002_ForgotYourPasswordLink - Firefox Browser is launched.....
[INFO ] 15-06-2022 08:30:43.565 TC002_ForgotYourPasswordLink - Orange HRM application is opened!!!!!
[INFO ] 15-06-2022 08:30:43.717 TC002_ForgotYourPasswordLink - Forgot your password? link is displayed.....
[INFO ] 15-06-2022 08:30:45.101 TC002_ForgotYourPasswordLink - Orange HRM application is closed!!!!!
[INFO ] 15-06-2022 08:50:14.767 TC001_UserLogin - Firefox Browser is launched.....
[INFO ] 15-06-2022 08:50:16.076 TC001_UserLogin - Orange HRM application is opened!!!!!
[INFO ] 15-06-2022 08:50:18.687 TC001_UserLogin - User has logged into application successfully.....
[INFO ] 15-06-2022 08:50:19.235 TC001_UserLogin - Screenshot captured successfully
[INFO ] 15-06-2022 08:50:20.918 TC001_UserLogin - Orange HRM application is closed!!!!!
[INFO ] 15-06-2022 08:50:25.866 TC002_ForgotYourPasswordLink - Firefox Browser is launched.....
[INFO ] 15-06-2022 08:50:27.231 TC002_ForgotYourPasswordLink - Orange HRM application is opened!!!!!
[INFO ] 15-06-2022 08:50:27.413 TC002_ForgotYourPasswordLink - Forgot your password? link is displayed.....
[INFO ] 15-06-2022 08:50:28.095 TC002_ForgotYourPasswordLink - Screenshot captured successfully
[INFO ] 15-06-2022 08:50:29.443 TC002_ForgotYourPasswordLink - Orange HRM application is closed!!!!!
[INFO ] 15-06-2022 09:00:28.028 TC001_UserLogin - Firefox Browser is launched.....
[INFO ] 15-06-2022 09:00:29.463 TC001_UserLogin - Orange HRM application is opened!!!!!
[INFO ] 15-06-2022 09:00:32.068 TC001_UserLogin - User has logged into application successfully.....
[INFO ] 15-06-2022 09:00:32.519 TC001_UserLogin - Screenshot captured successfully
[INFO ] 15-06-2022 09:00:34.156 TC001_UserLogin - Orange HRM application is closed!!!!!
[INFO ] 15-06-2022 09:00:39.271 TC002_ForgotYourPasswordLink - Firefox Browser is launched.....
[INFO ] 15-06-2022 09:00:41.283 TC002_ForgotYourPasswordLink - Orange HRM application is opened!!!!!
[INFO ] 15-06-2022 09:00:41.479 TC002_ForgotYourPasswordLink - Forgot your password? link is displayed.....
[INFO ] 15-06-2022 09:00:42.190 TC002_ForgotYourPasswordLink - Screenshot captured successfully
[INFO ] 15-06-2022 09:00:43.727 TC002_ForgotYourPasswordLink - Orange HRM application is closed!!!!!
[INFO ] 15-06-2022 09:03:00.561 TC001_UserLogin - Firefox Browser is launched.....
[INFO ] 15-06-2022 09:03:03.113 TC001_UserLogin - Orange HRM application is opened!!!!!
[INFO ] 15-06-2022 09:03:06.044 TC001_UserLogin - User has logged into application successfully.....
[INFO ] 15-06-2022 09:03:06.599 TC001_UserLogin - Screenshot captured successfully
[INFO ] 15-06-2022 09:03:08.303 TC001_UserLogin - Orange HRM application is closed!!!!!
[INFO ] 15-06-2022 09:03:13.209 TC002_ForgotYourPasswordLink - Firefox Browser is launched.....
[INFO ] 15-06-2022 09:03:14.745 TC002_ForgotYourPasswordLink - Orange HRM application is opened!!!!!
[INFO ] 15-06-2022 09:03:14.962 TC002_ForgotYourPasswordLink - Forgot your password? link is displayed.....
[INFO ] 15-06-2022 09:03:15.681 TC002_ForgotYourPasswordLink - Screenshot captured successfully
[INFO ] 15-06-2022 09:03:17.052 TC002_ForgotYourPasswordLink - Orange HRM application is closed!!!!!
[INFO ] 15-06-2022 09:05:22.092 TC001_UserLogin - Firefox Browser is launched.....
[INFO ] 15-06-2022 09:05:23.799 TC001_UserLogin - Orange HRM application is opened!!!!!
[INFO ] 15-06-2022 09:05:26.630 TC001_UserLogin - User has logged into application successfully.....
[INFO ] 15-06-2022 09:05:27.188 TC001_UserLogin - Screenshot captured successfully
[INFO ] 15-06-2022 09:05:28.875 TC001_UserLogin - Orange HRM application is closed!!!!!
[INFO ] 15-06-2022 09:05:33.883 TC002_ForgotYourPasswordLink - Firefox Browser is launched.....
[INFO ] 15-06-2022 09:05:35.549 TC002_ForgotYourPasswordLink - Orange HRM application is opened!!!!!
[INFO ] 15-06-2022 09:05:35.767 TC002_ForgotYourPasswordLink - Forgot your password? link is displayed.....
[INFO ] 15-06-2022 09:05:36.579 TC002_ForgotYourPasswordLink - Screenshot captured successfully
[INFO ] 15-06-2022 09:05:38.128 TC002_ForgotYourPasswordLink - Orange HRM application is closed!!!!!
[INFO ] 15-06-2022 09:06:29.713 TC001_UserLogin - Firefox Browser is launched.....
[INFO ] 15-06-2022 09:06:31.192 TC001_UserLogin - Orange HRM application is opened!!!!!
[INFO ] 15-06-2022 09:06:34.080 TC001_UserLogin - User has logged into application successfully.....
[INFO ] 15-06-2022 09:06:34.674 TC001_UserLogin - Screenshot captured successfully
[INFO ] 15-06-2022 09:06:36.349 TC001_UserLogin - Orange HRM application is closed!!!!!
[INFO ] 15-06-2022 09:06:41.109 TC002_ForgotYourPasswordLink - Firefox Browser is launched.....
[INFO ] 15-06-2022 09:06:42.670 TC002_ForgotYourPasswordLink - Orange HRM application is opened!!!!!
[INFO ] 15-06-2022 09:06:42.894 TC002_ForgotYourPasswordLink - Forgot your password? link is displayed.....
[INFO ] 15-06-2022 09:06:43.632 TC002_ForgotYourPasswordLink - Screenshot captured successfully
[INFO ] 15-06-2022 09:06:45.077 TC002_ForgotYourPasswordLink - Orange HRM application is closed!!!!!
[INFO ] 15-06-2022 09:12:12.740 TC001_UserLogin - Firefox Browser is launched.....
[INFO ] 15-06-2022 09:12:14.158 TC001_UserLogin - Orange HRM application is opened!!!!!
[INFO ] 15-06-2022 09:12:16.869 TC001_UserLogin - User has logged into application successfully.....
[INFO ] 15-06-2022 09:12:17.418 TC001_UserLogin - Screenshot captured successfully
[INFO ] 15-06-2022 09:12:19.096 TC001_UserLogin - Orange HRM application is closed!!!!!
[INFO ] 15-06-2022 09:12:24.171 TC002_ForgotYourPasswordLink - Firefox Browser is launched.....
[INFO ] 15-06-2022 09:12:25.530 TC002_ForgotYourPasswordLink - Orange HRM application is opened!!!!!
[INFO ] 15-06-2022 09:12:25.782 TC002_ForgotYourPasswordLink - Forgot your password? link is displayed.....
[INFO ] 15-06-2022 09:12:26.555 TC002_ForgotYourPasswordLink - Screenshot captured successfully
[INFO ] 15-06-2022 09:12:27.960 TC002_ForgotYourPasswordLink - Orange HRM application is closed!!!!!
